C51 COMPILER V9.59.0.0   ADC                                                               12/20/2020 19:27:48 PAGE 1   


C51 COMPILER V9.59.0.0, COMPILATION OF MODULE ADC
OBJECT MODULE PLACED IN .\Objects\Adc.obj
COMPILER INVOKED BY: C:\Keil_v5\C51\BIN\C51.EXE code\Adc.c OPTIMIZE(8,SPEED) BROWSE INCDIR(.\include) DEBUG OBJECTEXTEND
                    - PRINT(.\Listings\Adc.lst) TABS(2) OBJECT(.\Objects\Adc.obj)

line level    source

   1          
   2          #include "all.h"
   3          
   4          
   5          bit AdcFinishlag;
   6          
   7          
   8          
   9          unsigned int AdcResultValue[10];
  10          
  11          /*****************************************************
  12          *函数名称：void ADC_Init(uint Channel)
  13          *函数功能：ADC初始化
  14          *入口参数：Channel
  15          *出口参数：void
  16          *****************************************************/
  17          void ADC_Init(unsigned char Channel)
  18          {
  19   1        
  20   1        ADCCON = 0X80|Channel;    //开启ADC，ADC采样频率为2M ,选择Channel位ADC采样口
  21   1        if(Channel<8)
  22   1        {
  23   2          ADCCFG0 = 1<<Channel;   //设置Channel作为采样口
  24   2        }
  25   1        else
  26   1        {
  27   2          ADCCFG1 = 1<<(Channel-8);   //设置Channel作为采样口
  28   2        }
  29   1        //ADCCON |= (0x80);
  30   1        IE |= 0X40;        //开启ADC中断
  31   1        EA = 1;
  32   1      }
  33          
  34          
  35          void ADC_Interrupt(void) interrupt 6
  36          {
  37   1        ADCCON &= ~(0X10);  //清中断标志位
  38   1        AdcFinishlag = 1;
  39   1      }
  40          
  41          
  42          //读一次结果，需要做三次的ADC,取其平均值
  43          unsigned int AdcResult(unsigned char AdcChannel)
  44          {
  45   1        unsigned int ADCValue = 0;
  46   1        unsigned char i = 0;
  47   1        ADC_Init(AdcChannel);
  48   1        DelayUs(10);                //新转换通道，第一次采样，需要做一个延时
  49   1        for (i = 0; i < 10; i++)
  50   1        {
  51   2          ADCCON |= 0X40 ;   //开始ADC转换
  52   2          while(!AdcFinishlag);              //等待 ADC转换完成;
  53   2            AdcFinishlag = 0;
  54   2          AdcResultValue[i] = (ADCVH<<4)+(ADCVL>>4);
C51 COMPILER V9.59.0.0   ADC                                                               12/20/2020 19:27:48 PAGE 2   

  55   2        }
  56   1        for(i = 0; i < 8; i++)
  57   1        {
  58   2          ADCValue += AdcResultValue[i+2];
  59   2          
  60   2        }
  61   1        ADCValue = ADCValue / 8;
  62   1        //ADCValue = (AdcResultValue[2] + AdcResultValue[3] + AdcResultValue[4])/3;
  63   1        return ADCValue;
  64   1      }
  65          
  66          
  67          /*******************adc function*******************************************************/
  68          
  69          
  70          
  71          
  72          


MODULE INFORMATION:   STATIC OVERLAYABLE
   CODE SIZE        =    180    ----
   CONSTANT SIZE    =   ----    ----
   XDATA SIZE       =   ----    ----
   PDATA SIZE       =   ----    ----
   DATA SIZE        =     20       2
   IDATA SIZE       =   ----    ----
   BIT SIZE         =      1    ----
END OF MODULE INFORMATION.


C51 COMPILATION COMPLETE.  0 WARNING(S),  0 ERROR(S)
