C51 COMPILER V9.59.0.0   RETURNMAIN                                                        12/20/2020 19:27:49 PAGE 1   


C51 COMPILER V9.59.0.0, COMPILATION OF MODULE RETURNMAIN
OBJECT MODULE PLACED IN .\Objects\returnMain.obj
COMPILER INVOKED BY: C:\Keil_v5\C51\BIN\C51.EXE code\returnMain.c OPTIMIZE(8,SPEED) BROWSE INCDIR(.\include) DEBUG OBJEC
                    -TEXTEND PRINT(.\Listings\returnMain.lst) TABS(2) OBJECT(.\Objects\returnMain.obj)

line level    source

   1          /*
   2          ä½¿ç”¨1.5ç‰ˆæœ¬ä¸»æ¿
   3          ä½¿ç”¨æœ€6Vçš„é©¬è¾¾ï¼Œå…¼å®¹åˆ°4.5Vçš„å·¥ä½œç”µå‹
   4          ä½¿ç”¨ä¸¤ä¸ªè½¯ä»¶ç‰ˆæœ¬ï¼Œä¸»è¦æ˜¯é’ˆå¯¹ç¢±æ€§ç”µæ± ä¸é•æ°¢ç”µæ± æ—¶å€™ä¸åŒçš„ä½ç”µå‹çš„çŠ¶å†µè¿›è
             -¡Œåˆ¤è¯»
   5          å¢åŠ ä¸€ä¸ª2CMä¸5CMçš„è·ç¦»ä¿®æ”¹ï¼Œè¿™ä¸ªéœ€è¦é…åˆï¼Œå¦‚æœä¸Šç”µæ—¶å€™ï¼Œç›´æ¥æŒ‰ä½çº¢å¤–å¤´ä¸æ
             -”¾ï¼Œ2Såè¿›å…¥åˆ°ä¿®æ”¹çŠ¶æ€
   6          ä¿®æ”¹çš„çŠ¶æ€å°†å†™å…¥åˆ°EEPROM,ä»¥åå·¥ä½œèµ·æ¥åå°†æŒ‰ç…§è¿™ä¸ªè·ç¦»åœ¨å¤„ç†
   7          */
   8          
   9          
  10          #include "all.h"
  11          
  12          
  13          
  14          void main (void)
  15          {
  16   1      
  17   1        InitialSystem();
  18   1        EnablePrintf();
  19   1        printf("Begin to work,MCU go into main loop!\n");
  20   1        while(1)
  21   1        {
  22   2          FeedToWatchDog();
  23   2          switch (WorkStatusValue)
  24   2          {
  25   3            case SleepStatus:
  26   3              SleepProcess();
  27   3              break;
  28   3            //case CheckIRStatus:
  29   3            //  CheckIrProcess();   //WorkStatusValue = SleepStatus;
  30   3            //  break;
  31   3            case MotorWorkStatus:
  32   3              MotorWorkProcess();   
  33   3              break;
  34   3            case LowPowerStatus:
  35   3              lowerPowerProcess();
  36   3              break;
  37   3            
  38   3            
  39   3            default:
  40   3              break;
  41   3          }
  42   2        }
  43   1      }


MODULE INFORMATION:   STATIC OVERLAYABLE
   CODE SIZE        =     46    ----
   CONSTANT SIZE    =     38    ----
   XDATA SIZE       =   ----    ----
   PDATA SIZE       =   ----    ----
   DATA SIZE        =   ----    ----
   IDATA SIZE       =   ----    ----
C51 COMPILER V9.59.0.0   RETURNMAIN                                                        12/20/2020 19:27:49 PAGE 2   

   BIT SIZE         =   ----    ----
END OF MODULE INFORMATION.


C51 COMPILATION COMPLETE.  0 WARNING(S),  0 ERROR(S)
