C51 COMPILER V9.59.0.0   SCNEWMAIN                                                         11/04/2020 11:21:13 PAGE 1   


C51 COMPILER V9.59.0.0, COMPILATION OF MODULE SCNEWMAIN
OBJECT MODULE PLACED IN .\Objects\ScnewMain.obj
COMPILER INVOKED BY: C:\Keil_v5\C51\BIN\C51.EXE code\ScnewMain.c OPTIMIZE(8,SPEED) BROWSE INCDIR(.\include) DEBUG OBJECT
                    -EXTEND PRINT(.\Listings\ScnewMain.lst) TABS(2) OBJECT(.\Objects\ScnewMain.obj)

line level    source

   1          
   2          
   3          
   4          
   5          
   6          
   7          
   8          
   9          
  10          
  11          
  12          
  13          
  14          #include "all.h"
  15          
  16          
  17          
  18          
  19          void main (void)
  20          {
  21   1      //  unsigned char i;
  22   1      //  unsigned int BatteryVoltage1,BatteryVoltage2,BatteryVoltage;
  23   1        InitialSystem();
  24   1        EnablePrintf();
  25   1        printf("it is not easy to use sc mcu!\n");
  26   1        while(1)
  27   1        {
  28   2          FeedToWatchDog();
  29   2          switch (WorkStatusValue)
  30   2          {
  31   3            case SleepStatus:
  32   3              SleepProcess();
  33   3              break;
  34   3            //case CheckIRStatus:
  35   3            //  CheckIrProcess();   //WorkStatusValue = SleepStatus;
  36   3            //  break;
  37   3            case MotorWorkStatus:
  38   3              MotorWorkProcess();   
  39   3              break;
  40   3            case LowPowerStatus:
  41   3              lowerPowerProcess();
  42   3              break;
  43   3            
  44   3            
  45   3            default:
  46   3              break;
  47   3          }
  48   2      //==========================================================================================
  49   2      //      for (i = 0; i < 50; ++i)
  50   2      //      {
  51   2      //        DelayUs(200);
  52   2      //      }
  53   2      //      
  54   2      //      BatteryVoltage1 = AdcResult(BatteryAdcChannel);
C51 COMPILER V9.59.0.0   SCNEWMAIN                                                         11/04/2020 11:21:13 PAGE 2   

  55   2      //      printf("Turn off the ir LED  IR RECEIVE Valtage = %d \n", BatteryVoltage1);
  56   2      //      IrWorkPin  = 0;
  57   2      //      DelayUs(4);
  58   2      //      BatteryVoltage2 = AdcResult(BatteryAdcChannel);
  59   2      //      EnablePrintf();
  60   2      //      IrWorkPin  = 1;
  61   2      //      printf(" AT ONCE Turn ON the ir LED  IR RECEIVE Valtage = %d \n", BatteryVoltage2);
  62   2      //      BatteryVoltage = BatteryVoltage1 -BatteryVoltage2;
  63   2      //      printf("Check Valtage = %d \n", BatteryVoltage);
  64   2      //=============================================================================================
  65   2        }
  66   1      }
  67          /*****************************************************/
  68          
  69          
  70          


MODULE INFORMATION:   STATIC OVERLAYABLE
   CODE SIZE        =     46    ----
   CONSTANT SIZE    =     31    ----
   XDATA SIZE       =   ----    ----
   PDATA SIZE       =   ----    ----
   DATA SIZE        =   ----    ----
   IDATA SIZE       =   ----    ----
   BIT SIZE         =   ----    ----
END OF MODULE INFORMATION.


C51 COMPILATION COMPLETE.  0 WARNING(S),  0 ERROR(S)
